<?xml version="1.0" encoding="UTF-8"?>
<!-- Generated by org.testng.reporters.JUnitXMLReporter -->
<testsuite hostname="LAPTOP-C53MS9H4" ignored="0" name="RestassuredTest1" tests="5" failures="0" timestamp="2019-09-15T00:10:47 CEST" time="3.781" errors="0">
  <testcase name="getWeatherTest" time="1.531" classname="RestassuredTest.Demo1Get"/>
  <testcase name="testPostData" time="0.498" classname="RestassuredTest.UpdateDemo"/>
  <testcase name="deteleTest" time="0.86" classname="RestassuredTest.DeleteDemo"/>
  <testcase name="putTest" time="0.447" classname="RestassuredTest.PutDemo"/>
  <testcase name="verifyingSingContent" time="0.4" classname="RestassuredTest.VerifyContent"/>
</testsuite> <!-- RestassuredTest1 -->
